<?xml version="1.0" encoding="UTF-8"?>
<!-- Generated by org.testng.reporters.JUnitReportReporter -->
<testsuite hostname="GWTN156-9" failures="0" tests="1" name="testCases.TC003_EditLead" time="0.000" errors="0" timestamp="2022-03-04T16:37:20 MST" skipped="1">
  <testcase classname="testCases.TC003_EditLead" name="EditLead" time="0.000">
    <skipped/>
  </testcase> <!-- EditLead -->
  <system-out/>
</testsuite> <!-- testCases.TC003_EditLead -->
