<?xml version="1.0" encoding="UTF-8"?>
<!-- Generated by org.testng.reporters.JUnitReportReporter -->
<testsuite hostname="GWTN156-9" failures="0" tests="1" name="testCases.TC002_CreateLead" time="21.865" errors="0" timestamp="2022-03-04T16:37:09 MST" skipped="0">
  <testcase classname="testCases.TC002_CreateLead" name="createLead" time="21.865"/>
  <system-out/>
</testsuite> <!-- testCases.TC002_CreateLead -->
