<?xml version="1.0" encoding="UTF-8"?>
<!-- Generated by org.testng.reporters.JUnitReportReporter -->
<testsuite hostname="GWTN156-9" failures="0" tests="1" name="testCases.TC001_LoginLogOut" time="5.112" errors="0" timestamp="2022-12-15T19:59:19 MST" skipped="0">
  <testcase classname="testCases.TC001_LoginLogOut" name="loginLogOut" time="5.112"/>
  <system-out/>
</testsuite> <!-- testCases.TC001_LoginLogOut -->
