<?xml version="1.0" encoding="UTF-8"?>
<!-- Generated by org.testng.reporters.JUnitReportReporter -->
<testsuite hostname="GWTN156-9" failures="0" tests="1" name="testCases.TC004_DeleteLead" time="0.000" errors="0" timestamp="2022-03-04T16:38:01 MST" skipped="1">
  <testcase classname="testCases.TC004_DeleteLead" name="createLead" time="0.000">
    <skipped/>
  </testcase> <!-- createLead -->
  <system-out/>
</testsuite> <!-- testCases.TC004_DeleteLead -->
