<?xml version="1.0" encoding="UTF-8"?>
<!-- Generated by org.testng.reporters.JUnitReportReporter -->
<testsuite hostname="GWTN156-9" failures="0" tests="1" name="testCases.TC005_DuplicateLead" time="0.000" errors="0" timestamp="2022-03-04T16:38:22 MST" skipped="1">
  <testcase classname="testCases.TC005_DuplicateLead" name="createLead" time="0.000">
    <skipped/>
  </testcase> <!-- createLead -->
  <system-out/>
</testsuite> <!-- testCases.TC005_DuplicateLead -->
