<?xml version="1.0" encoding="UTF-8"?>
<!-- Generated by org.testng.reporters.JUnitReportReporter -->
<testsuite hostname="GWTN156-9" failures="0" tests="1" name="testCases.TC001_LoginLogOut" time="5.879" errors="0" timestamp="2022-10-27T08:59:52 MST" skipped="0">
  <testcase classname="testCases.TC001_LoginLogOut" name="loginLogOut" time="5.879"/>
  <system-out/>
</testsuite> <!-- testCases.TC001_LoginLogOut -->
